2025-10-14 11:38:42,735 - INFO - Database initialized at earnin_posts.db
2025-10-14 11:38:42,736 - INFO - Reddit EarnIn Monitor initialized successfully
2025-10-14 11:38:42,736 - INFO - 🚀 Starting Reddit EarnIn Monitor...
2025-10-14 11:38:42,736 - INFO - Monitoring 8 subreddits: Earnin, EarninB4B, EarninBoost, cashadvanceapps, personalfinance, EarningOnline, beermoney, workonline
2025-10-14 11:38:42,736 - INFO - Press Ctrl+C to stop monitoring
2025-10-14 11:38:42,736 - INFO - Starting new posts fetch...
2025-10-14 11:38:44,216 - INFO - r/Earnin: 0 posts found, 0 new
2025-10-14 11:38:44,683 - INFO - r/EarninB4B: 0 posts found, 0 new
2025-10-14 11:38:45,210 - INFO - r/EarninBoost: 0 posts found, 0 new
2025-10-14 11:38:45,696 - INFO - r/cashadvanceapps: 0 posts found, 0 new
2025-10-14 11:38:46,169 - INFO - r/personalfinance: 0 posts found, 0 new
2025-10-14 11:38:46,759 - INFO - r/EarningOnline: 0 posts found, 0 new
2025-10-14 11:38:47,251 - INFO - r/beermoney: 0 posts found, 0 new
2025-10-14 11:38:47,761 - INFO - r/workonline: 0 posts found, 0 new
2025-10-14 11:38:47,761 - INFO - Searching for 'earnin' posts across all subreddits...
2025-10-14 11:38:48,246 - INFO - Search results: 0 posts found
2025-10-14 11:38:48,248 - INFO - Fetch completed: 0 total posts, 0 new posts
2025-10-14 11:38:48,248 - INFO - ⏳ Waiting 60 seconds for next check...
2025-10-14 11:39:48,253 - INFO - Starting new posts fetch...
2025-10-14 11:39:48,754 - INFO - r/Earnin: 0 posts found, 0 new
2025-10-14 11:39:49,206 - INFO - r/EarninB4B: 0 posts found, 0 new
2025-10-14 11:39:49,691 - INFO - r/EarninBoost: 0 posts found, 0 new
2025-10-14 11:39:50,203 - INFO - r/cashadvanceapps: 0 posts found, 0 new
2025-10-14 11:39:50,689 - INFO - r/personalfinance: 0 posts found, 0 new
2025-10-14 11:39:51,183 - INFO - r/EarningOnline: 0 posts found, 0 new
2025-10-14 11:39:51,686 - INFO - r/beermoney: 0 posts found, 0 new
2025-10-14 11:39:52,206 - INFO - r/workonline: 0 posts found, 0 new
2025-10-14 11:39:52,206 - INFO - Searching for 'earnin' posts across all subreddits...
2025-10-14 11:39:52,687 - INFO - Search results: 0 posts found
2025-10-14 11:39:52,690 - INFO - Fetch completed: 0 total posts, 0 new posts
2025-10-14 11:39:52,690 - INFO - ⏳ Waiting 60 seconds for next check...
2025-10-14 11:40:14,429 - INFO - Received signal 15, shutting down gracefully...
2025-10-14 11:40:52,689 - INFO - 🛑 Reddit EarnIn Monitor stopped
